<?xml version="1.0" encoding="UTF-8"?>
<!-- Generated by org.testng.reporters.JUnitReportReporter -->
<testsuite hostname="SVROLP03983" failures="0" tests="1" name="e2eProject.SelTest" time="5.749" errors="0" timestamp="2022-02-11T12:43:48 EET" skipped="0">
  <testcase classname="e2eProject.SelTest" name="selTest1" time="5.749"/>
  <system-out/>
</testsuite> <!-- e2eProject.SelTest -->
