<?xml version="1.0" encoding="UTF-8"?>
<!-- Generated by org.testng.reporters.JUnitReportReporter -->
<testsuite hostname="SVROLP03983" failures="0" tests="1" name="e2eProject.HomePage" time="9.198" errors="0" timestamp="2022-02-11T09:56:30 EET" skipped="0">
  <testcase classname="e2eProject.HomePage" name="selTest1" time="9.198"/>
  <system-out/>
</testsuite> <!-- e2eProject.HomePage -->
