<?xml version="1.0" encoding="UTF-8"?>
<!-- Generated by org.testng.reporters.JUnitReportReporter -->
<testsuite hostname="SVROLP03983" failures="0" tests="1" name="e2eProject.validateTitle" time="0.210" errors="0" timestamp="2022-02-11T12:31:27 EET" skipped="0">
  <testcase classname="e2eProject.validateTitle" name="selTest1" time="0.210"/>
  <system-out/>
</testsuite> <!-- e2eProject.validateTitle -->
